<?xml version="1.0" encoding="UTF-8"?>
<testsuite xmlns:xsi="http://www.w3.org/2001/XMLSchema-instance" xsi:schemaLocation="https://maven.apache.org/surefire/maven-surefire-plugin/xsd/surefire-test-report.xsd" name="com.testRunners.RunnerTest" time="69.333" tests="8" errors="0" skipped="0" failures="0">
  <properties>
[...]
</properties>
  <testcase name="Given Enter Esct User Name rohan@testmail.com" classname="| rohan@testmail.com | aress123$Z |" time="0.002"/>
  <testcase name="Given Enter Esct User Name rohan@testmail.com" classname="| rohan@testmail.com | aress123$Z |" time="0"/>
  <testcase name="Then Enter Esct Password aress123$Z" classname="| rohan@testmail.com | aress123$Z |" time="0"/>
  <testcase name="Then Enter Esct Password aress123$Z" classname="| rohan@testmail.com | aress123$Z |" time="0"/>
  <testcase name="Then Click on Esct Login button" classname="| rohan@testmail.com | aress123$Z |" time="0"/>
  <testcase name="Then Click on Esct Login button" classname="| rohan@testmail.com | aress123$Z |" time="0"/>
  <testcase name="| rohan@testmail.com | aress123$Z |" classname="| rohan@testmail.com | aress123$Z |" time="0.919"/>
  <testcase name="| rohan@testmail.com | aress123$Z |" classname="| rohan@testmail.com | aress123$Z |" time="0.923"/>
</testsuite>